{"E:\\Project\\my-project\\react-component\\ant-virtual-table\\src\\virtualTable\\VirtualTable.jsx": {"path":"E:\\Project\\my-project\\react-component\\ant-virtual-table\\src\\virtualTable\\VirtualTable.jsx","statementMap":{"0":{"start":{"line":8,"column":4},"end":{"line":15,"column":5}},"1":{"start":{"line":9,"column":6},"end":{"line":9,"column":32}},"2":{"start":{"line":10,"column":6},"end":{"line":10,"column":38}},"3":{"start":{"line":11,"column":6},"end":{"line":14,"column":7}},"4":{"start":{"line":16,"column":4},"end":{"line":16,"column":15}},"5":{"start":{"line":19,"column":4},"end":{"line":19,"column":16}},"6":{"start":{"line":20,"column":4},"end":{"line":27,"column":5}},"7":{"start":{"line":31,"column":4},"end":{"line":31,"column":91}},"8":{"start":{"line":33,"column":4},"end":{"line":33,"column":59}},"9":{"start":{"line":35,"column":4},"end":{"line":37,"column":5}},"10":{"start":{"line":36,"column":6},"end":{"line":36,"column":65}},"11":{"start":{"line":39,"column":4},"end":{"line":39,"column":28}},"12":{"start":{"line":40,"column":4},"end":{"line":40,"column":31}},"13":{"start":{"line":44,"column":4},"end":{"line":46,"column":5}},"14":{"start":{"line":45,"column":6},"end":{"line":45,"column":68}},"15":{"start":{"line":50,"column":4},"end":{"line":54,"column":5}},"16":{"start":{"line":51,"column":18},"end":{"line":51,"column":47}},"17":{"start":{"line":52,"column":6},"end":{"line":52,"column":65}},"18":{"start":{"line":53,"column":6},"end":{"line":53,"column":27}},"19":{"start":{"line":58,"column":4},"end":{"line":62,"column":5}},"20":{"start":{"line":59,"column":18},"end":{"line":59,"column":47}},"21":{"start":{"line":60,"column":6},"end":{"line":60,"column":37}},"22":{"start":{"line":61,"column":6},"end":{"line":61,"column":30}},"23":{"start":{"line":66,"column":4},"end":{"line":66,"column":67}},"24":{"start":{"line":67,"column":4},"end":{"line":71,"column":5}},"25":{"start":{"line":68,"column":17},"end":{"line":68,"column":60}},"26":{"start":{"line":69,"column":24},"end":{"line":69,"column":52}},"27":{"start":{"line":70,"column":6},"end":{"line":70,"column":38}},"28":{"start":{"line":75,"column":27},"end":{"line":75,"column":37}},"29":{"start":{"line":76,"column":42},"end":{"line":76,"column":52}},"30":{"start":{"line":77,"column":23},"end":{"line":77,"column":39}},"31":{"start":{"line":78,"column":4},"end":{"line":117,"column":5}},"32":{"start":{"line":79,"column":26},"end":{"line":79,"column":44}},"33":{"start":{"line":80,"column":28},"end":{"line":80,"column":55}},"34":{"start":{"line":81,"column":24},"end":{"line":81,"column":48}},"35":{"start":{"line":82,"column":27},"end":{"line":82,"column":36}},"36":{"start":{"line":83,"column":30},"end":{"line":83,"column":74}},"37":{"start":{"line":84,"column":6},"end":{"line":84,"column":71}},"38":{"start":{"line":85,"column":23},"end":{"line":85,"column":56}},"39":{"start":{"line":86,"column":28},"end":{"line":86,"column":64}},"40":{"start":{"line":96,"column":28},"end":{"line":96,"column":80}},"41":{"start":{"line":97,"column":30},"end":{"line":97,"column":88}},"42":{"start":{"line":102,"column":20},"end":{"line":102,"column":46}},"43":{"start":{"line":103,"column":6},"end":{"line":103,"column":55}},"44":{"start":{"line":104,"column":6},"end":{"line":104,"column":43}},"45":{"start":{"line":105,"column":6},"end":{"line":114,"column":7}},"46":{"start":{"line":106,"column":8},"end":{"line":106,"column":35}},"47":{"start":{"line":107,"column":8},"end":{"line":107,"column":45}},"48":{"start":{"line":108,"column":8},"end":{"line":113,"column":10}},"49":{"start":{"line":116,"column":6},"end":{"line":116,"column":25}},"50":{"start":{"line":121,"column":4},"end":{"line":125,"column":5}},"51":{"start":{"line":122,"column":6},"end":{"line":122,"column":16}},"52":{"start":{"line":123,"column":11},"end":{"line":125,"column":5}},"53":{"start":{"line":124,"column":6},"end":{"line":124,"column":16}},"54":{"start":{"line":126,"column":4},"end":{"line":126,"column":14}},"55":{"start":{"line":130,"column":36},"end":{"line":130,"column":46}},"56":{"start":{"line":131,"column":106},"end":{"line":131,"column":116}},"57":{"start":{"line":132,"column":23},"end":{"line":132,"column":39}},"58":{"start":{"line":133,"column":18},"end":{"line":133,"column":59}},"59":{"start":{"line":134,"column":16},"end":{"line":134,"column":44}},"60":{"start":{"line":135,"column":4},"end":{"line":137,"column":5}},"61":{"start":{"line":136,"column":6},"end":{"line":136,"column":63}},"62":{"start":{"line":138,"column":4},"end":{"line":138,"column":57}},"63":{"start":{"line":141,"column":4},"end":{"line":157,"column":5}}},"fnMap":{"0":{"name":"(anonymous_0)","decl":{"start":{"line":7,"column":2},"end":{"line":7,"column":3}},"loc":{"start":{"line":7,"column":62},"end":{"line":17,"column":3}},"line":7},"1":{"name":"(anonymous_1)","decl":{"start":{"line":18,"column":2},"end":{"line":18,"column":3}},"loc":{"start":{"line":18,"column":22},"end":{"line":28,"column":3}},"line":18},"2":{"name":"(anonymous_2)","decl":{"start":{"line":30,"column":2},"end":{"line":30,"column":3}},"loc":{"start":{"line":30,"column":23},"end":{"line":41,"column":3}},"line":30},"3":{"name":"(anonymous_3)","decl":{"start":{"line":43,"column":2},"end":{"line":43,"column":3}},"loc":{"start":{"line":43,"column":26},"end":{"line":47,"column":3}},"line":43},"4":{"name":"(anonymous_4)","decl":{"start":{"line":49,"column":2},"end":{"line":49,"column":3}},"loc":{"start":{"line":49,"column":23},"end":{"line":55,"column":3}},"line":49},"5":{"name":"(anonymous_5)","decl":{"start":{"line":57,"column":2},"end":{"line":57,"column":3}},"loc":{"start":{"line":57,"column":26},"end":{"line":63,"column":3}},"line":57},"6":{"name":"(anonymous_6)","decl":{"start":{"line":65,"column":2},"end":{"line":65,"column":3}},"loc":{"start":{"line":65,"column":18},"end":{"line":72,"column":3}},"line":65},"7":{"name":"(anonymous_7)","decl":{"start":{"line":74,"column":22},"end":{"line":74,"column":23}},"loc":{"start":{"line":74,"column":28},"end":{"line":118,"column":3}},"line":74},"8":{"name":"(anonymous_8)","decl":{"start":{"line":120,"column":2},"end":{"line":120,"column":3}},"loc":{"start":{"line":120,"column":41},"end":{"line":127,"column":3}},"line":120},"9":{"name":"(anonymous_9)","decl":{"start":{"line":129,"column":2},"end":{"line":129,"column":3}},"loc":{"start":{"line":129,"column":12},"end":{"line":158,"column":3}},"line":129}},"branchMap":{"0":{"loc":{"start":{"line":8,"column":4},"end":{"line":15,"column":5}},"type":"if","locations":[{"start":{"line":8,"column":4},"end":{"line":15,"column":5}},{"start":{"line":8,"column":4},"end":{"line":15,"column":5}}],"line":8},"1":{"loc":{"start":{"line":9,"column":18},"end":{"line":9,"column":32}},"type":"binary-expr","locations":[{"start":{"line":9,"column":18},"end":{"line":9,"column":27}},{"start":{"line":9,"column":31},"end":{"line":9,"column":32}}],"line":9},"2":{"loc":{"start":{"line":10,"column":21},"end":{"line":10,"column":38}},"type":"binary-expr","locations":[{"start":{"line":10,"column":21},"end":{"line":10,"column":33}},{"start":{"line":10,"column":37},"end":{"line":10,"column":38}}],"line":10},"3":{"loc":{"start":{"line":35,"column":4},"end":{"line":37,"column":5}},"type":"if","locations":[{"start":{"line":35,"column":4},"end":{"line":37,"column":5}},{"start":{"line":35,"column":4},"end":{"line":37,"column":5}}],"line":35},"4":{"loc":{"start":{"line":44,"column":4},"end":{"line":46,"column":5}},"type":"if","locations":[{"start":{"line":44,"column":4},"end":{"line":46,"column":5}},{"start":{"line":44,"column":4},"end":{"line":46,"column":5}}],"line":44},"5":{"loc":{"start":{"line":50,"column":4},"end":{"line":54,"column":5}},"type":"if","locations":[{"start":{"line":50,"column":4},"end":{"line":54,"column":5}},{"start":{"line":50,"column":4},"end":{"line":54,"column":5}}],"line":50},"6":{"loc":{"start":{"line":58,"column":4},"end":{"line":62,"column":5}},"type":"if","locations":[{"start":{"line":58,"column":4},"end":{"line":62,"column":5}},{"start":{"line":58,"column":4},"end":{"line":62,"column":5}}],"line":58},"7":{"loc":{"start":{"line":67,"column":4},"end":{"line":71,"column":5}},"type":"if","locations":[{"start":{"line":67,"column":4},"end":{"line":71,"column":5}},{"start":{"line":67,"column":4},"end":{"line":71,"column":5}}],"line":67},"8":{"loc":{"start":{"line":69,"column":24},"end":{"line":69,"column":52}},"type":"binary-expr","locations":[{"start":{"line":69,"column":25},"end":{"line":69,"column":27}},{"start":{"line":69,"column":31},"end":{"line":69,"column":46}},{"start":{"line":69,"column":51},"end":{"line":69,"column":52}}],"line":69},"9":{"loc":{"start":{"line":77,"column":23},"end":{"line":77,"column":39}},"type":"binary-expr","locations":[{"start":{"line":77,"column":23},"end":{"line":77,"column":33}},{"start":{"line":77,"column":37},"end":{"line":77,"column":39}}],"line":77},"10":{"loc":{"start":{"line":78,"column":4},"end":{"line":117,"column":5}},"type":"if","locations":[{"start":{"line":78,"column":4},"end":{"line":117,"column":5}},{"start":{"line":78,"column":4},"end":{"line":117,"column":5}}],"line":78},"11":{"loc":{"start":{"line":78,"column":8},"end":{"line":78,"column":44}},"type":"binary-expr","locations":[{"start":{"line":78,"column":8},"end":{"line":78,"column":17}},{"start":{"line":78,"column":21},"end":{"line":78,"column":44}}],"line":78},"12":{"loc":{"start":{"line":84,"column":26},"end":{"line":84,"column":71}},"type":"cond-expr","locations":[{"start":{"line":84,"column":50},"end":{"line":84,"column":67}},{"start":{"line":84,"column":70},"end":{"line":84,"column":71}}],"line":84},"13":{"loc":{"start":{"line":103,"column":16},"end":{"line":103,"column":55}},"type":"binary-expr","locations":[{"start":{"line":103,"column":16},"end":{"line":103,"column":23}},{"start":{"line":103,"column":27},"end":{"line":103,"column":55}}],"line":103},"14":{"loc":{"start":{"line":104,"column":16},"end":{"line":104,"column":43}},"type":"binary-expr","locations":[{"start":{"line":104,"column":16},"end":{"line":104,"column":23}},{"start":{"line":104,"column":27},"end":{"line":104,"column":43}}],"line":104},"15":{"loc":{"start":{"line":105,"column":6},"end":{"line":114,"column":7}},"type":"if","locations":[{"start":{"line":105,"column":6},"end":{"line":114,"column":7}},{"start":{"line":105,"column":6},"end":{"line":114,"column":7}}],"line":105},"16":{"loc":{"start":{"line":120,"column":22},"end":{"line":120,"column":29}},"type":"default-arg","locations":[{"start":{"line":120,"column":28},"end":{"line":120,"column":29}}],"line":120},"17":{"loc":{"start":{"line":120,"column":31},"end":{"line":120,"column":39}},"type":"default-arg","locations":[{"start":{"line":120,"column":37},"end":{"line":120,"column":39}}],"line":120},"18":{"loc":{"start":{"line":121,"column":4},"end":{"line":125,"column":5}},"type":"if","locations":[{"start":{"line":121,"column":4},"end":{"line":125,"column":5}},{"start":{"line":121,"column":4},"end":{"line":125,"column":5}}],"line":121},"19":{"loc":{"start":{"line":123,"column":11},"end":{"line":125,"column":5}},"type":"if","locations":[{"start":{"line":123,"column":11},"end":{"line":125,"column":5}},{"start":{"line":123,"column":11},"end":{"line":125,"column":5}}],"line":123},"20":{"loc":{"start":{"line":132,"column":23},"end":{"line":132,"column":39}},"type":"binary-expr","locations":[{"start":{"line":132,"column":23},"end":{"line":132,"column":33}},{"start":{"line":132,"column":37},"end":{"line":132,"column":39}}],"line":132},"21":{"loc":{"start":{"line":135,"column":4},"end":{"line":137,"column":5}},"type":"if","locations":[{"start":{"line":135,"column":4},"end":{"line":137,"column":5}},{"start":{"line":135,"column":4},"end":{"line":137,"column":5}}],"line":135},"22":{"loc":{"start":{"line":136,"column":14},"end":{"line":136,"column":63}},"type":"cond-expr","locations":[{"start":{"line":136,"column":40},"end":{"line":136,"column":54}},{"start":{"line":136,"column":57},"end":{"line":136,"column":63}}],"line":136},"23":{"loc":{"start":{"line":150,"column":23},"end":{"line":150,"column":39}},"type":"binary-expr","locations":[{"start":{"line":150,"column":23},"end":{"line":150,"column":33}},{"start":{"line":150,"column":37},"end":{"line":150,"column":39}}],"line":150}},"s":{"0":4,"1":0,"2":0,"3":0,"4":4,"5":2,"6":2,"7":1,"8":1,"9":1,"10":1,"11":1,"12":1,"13":0,"14":0,"15":1,"16":1,"17":1,"18":1,"19":1,"20":1,"21":1,"22":1,"23":0,"24":0,"25":0,"26":0,"27":0,"28":0,"29":0,"30":0,"31":0,"32":0,"33":0,"34":0,"35":0,"36":0,"37":0,"38":0,"39":0,"40":0,"41":0,"42":0,"43":0,"44":0,"45":0,"46":0,"47":0,"48":0,"49":0,"50":4,"51":0,"52":4,"53":0,"54":4,"55":2,"56":2,"57":2,"58":2,"59":2,"60":2,"61":2,"62":2,"63":2},"f":{"0":4,"1":2,"2":1,"3":0,"4":1,"5":1,"6":0,"7":0,"8":4,"9":2},"b":{"0":[0,4],"1":[0,0],"2":[0,0],"3":[1,0],"4":[0,0],"5":[1,0],"6":[1,0],"7":[0,0],"8":[0,0,0],"9":[0,0],"10":[0,0],"11":[0,0],"12":[0,0],"13":[0,0],"14":[0,0],"15":[0,0],"16":[0],"17":[0],"18":[0,4],"19":[0,4],"20":[2,0],"21":[2,0],"22":[0,2],"23":[2,0]},"_coverageSchema":"332fd63041d2c1bcb487cc26dd0d5f7d97098a6c","hash":"b316a373aaf7556cc4b276c2ccc07a7788adbfcf"}
}
