TN:
SF:E:\Project\my-project\react-component\ant-virtual-table\src\virtualTable\VirtualTable.jsx
FN:7,(anonymous_0)
FN:18,(anonymous_1)
FN:30,(anonymous_2)
FN:43,(anonymous_3)
FN:49,(anonymous_4)
FN:57,(anonymous_5)
FN:65,(anonymous_6)
FN:74,(anonymous_7)
FN:120,(anonymous_8)
FN:129,(anonymous_9)
FNF:10
FNH:7
FNDA:4,(anonymous_0)
FNDA:2,(anonymous_1)
FNDA:1,(anonymous_2)
FNDA:0,(anonymous_3)
FNDA:1,(anonymous_4)
FNDA:1,(anonymous_5)
FNDA:0,(anonymous_6)
FNDA:0,(anonymous_7)
FNDA:4,(anonymous_8)
FNDA:2,(anonymous_9)
DA:8,4
DA:9,0
DA:10,0
DA:11,0
DA:16,4
DA:19,2
DA:20,2
DA:31,1
DA:33,1
DA:35,1
DA:36,1
DA:39,1
DA:40,1
DA:44,0
DA:45,0
DA:50,1
DA:51,1
DA:52,1
DA:53,1
DA:58,1
DA:59,1
DA:60,1
DA:61,1
DA:66,0
DA:67,0
DA:68,0
DA:69,0
DA:70,0
DA:75,0
DA:76,0
DA:77,0
DA:78,0
DA:79,0
DA:80,0
DA:81,0
DA:82,0
DA:83,0
DA:84,0
DA:85,0
DA:86,0
DA:96,0
DA:97,0
DA:102,0
DA:103,0
DA:104,0
DA:105,0
DA:106,0
DA:107,0
DA:108,0
DA:116,0
DA:121,4
DA:122,0
DA:123,4
DA:124,0
DA:126,4
DA:130,2
DA:131,2
DA:132,2
DA:133,2
DA:134,2
DA:135,2
DA:136,2
DA:138,2
DA:141,2
LF:64
LH:30
BRDA:8,0,0,0
BRDA:8,0,1,4
BRDA:9,1,0,0
BRDA:9,1,1,0
BRDA:10,2,0,0
BRDA:10,2,1,0
BRDA:35,3,0,1
BRDA:35,3,1,0
BRDA:44,4,0,0
BRDA:44,4,1,0
BRDA:50,5,0,1
BRDA:50,5,1,0
BRDA:58,6,0,1
BRDA:58,6,1,0
BRDA:67,7,0,0
BRDA:67,7,1,0
BRDA:69,8,0,0
BRDA:69,8,1,0
BRDA:69,8,2,0
BRDA:77,9,0,0
BRDA:77,9,1,0
BRDA:78,10,0,0
BRDA:78,10,1,0
BRDA:78,11,0,0
BRDA:78,11,1,0
BRDA:84,12,0,0
BRDA:84,12,1,0
BRDA:103,13,0,0
BRDA:103,13,1,0
BRDA:104,14,0,0
BRDA:104,14,1,0
BRDA:105,15,0,0
BRDA:105,15,1,0
BRDA:120,16,0,0
BRDA:120,17,0,0
BRDA:121,18,0,0
BRDA:121,18,1,4
BRDA:123,19,0,0
BRDA:123,19,1,4
BRDA:132,20,0,2
BRDA:132,20,1,0
BRDA:135,21,0,2
BRDA:135,21,1,0
BRDA:136,22,0,0
BRDA:136,22,1,2
BRDA:150,23,0,2
BRDA:150,23,1,0
BRF:47
BRH:10
end_of_record
